<?xml version="1.0" encoding="UTF-8"?>
<!-- Generated by org.testng.reporters.JUnitReportReporter -->
<testsuite hostname="ANAND" failures="0" tests="3" name="DemoBlazeTestcases.DemoBlazeLoginTc" time="-1742647808.000" errors="1" timestamp="2025-03-22T18:21:00 IST" skipped="2">
  <testcase classname="DemoBlazeTestcases.DemoBlazeLoginTc" name="readdata_openbrowser" time="-1742647808.000">
    <error message="
Parameter &#039;browser&#039; is required by BeforeTest on method readdata_openbrowser but has not been marked @Optional or defined
in C:\Users\anand\AppData\Local\Temp\testng-eclipse--926719104\testng-customsuite.xml" type="org.testng.TestNGException">
      <![CDATA[org.testng.TestNGException: 
Parameter 'browser' is required by BeforeTest on method readdata_openbrowser but has not been marked @Optional or defined
in C:\Users\anand\AppData\Local\Temp\testng-eclipse--926719104\testng-customsuite.xml
at org.testng.internal.Parameters.createParams(Parameters.java:272)
at org.testng.internal.Parameters.createParametersForMethod(Parameters.java:360)
at org.testng.internal.Parameters.createParameters(Parameters.java:704)
at org.testng.internal.Parameters.createConfigurationParameters(Parameters.java:166)
at org.testng.internal.ConfigInvoker.invokeConfigurations(ConfigInvoker.java:283)
at org.testng.TestRunner.invokeTestConfigurations(TestRunner.java:619)
at org.testng.TestRunner.beforeRun(TestRunner.java:609)
at org.testng.TestRunner.run(TestRunner.java:580)
at org.testng.SuiteRunner.runTest(SuiteRunner.java:384)
at org.testng.SuiteRunner.runSequentially(SuiteRunner.java:378)
at org.testng.SuiteRunner.privateRun(SuiteRunner.java:337)
at org.testng.SuiteRunner.run(SuiteRunner.java:286)
at org.testng.SuiteRunnerWorker.runSuite(SuiteRunnerWorker.java:53)
at org.testng.SuiteRunnerWorker.run(SuiteRunnerWorker.java:96)
at org.testng.TestNG.runSuitesSequentially(TestNG.java:1187)
at org.testng.TestNG.runSuitesLocally(TestNG.java:1109)
at org.testng.TestNG.runSuites(TestNG.java:1039)
at org.testng.TestNG.run(TestNG.java:1007)
at org.testng.remote.AbstractRemoteTestNG.run(AbstractRemoteTestNG.java:115)
at org.testng.remote.RemoteTestNG.initAndRun(RemoteTestNG.java:293)
at org.testng.remote.RemoteTestNG.main(RemoteTestNG.java:91)
]]>
    </error>
  </testcase> <!-- readdata_openbrowser -->
  <system-out/>
  <testcase classname="DemoBlazeTestcases.DemoBlazeLoginTc" name="Login_TC_for_invaliddata" time="0.000">
    <skipped/>
  </testcase> <!-- Login_TC_for_invaliddata -->
  <system-out/>
  <testcase classname="DemoBlazeTestcases.DemoBlazeLoginTc" name="Login_TC_for_validdata" time="0.000">
    <skipped/>
  </testcase> <!-- Login_TC_for_validdata -->
  <system-out/>
</testsuite> <!-- DemoBlazeTestcases.DemoBlazeLoginTc -->
